		Initializing .... 

Total memory allocated = 5452148
		Begin Printing Seed information

Seed point: 85 72 	Path 0 0 	User path -1 -1 -1

---------------------

Print path: 



[85 72] 

		Begin Printing Seed information

Seed point: 85 72 	Path 0 20 	User path 0 42 0

Seed point: 76 83 	Path 21 21 	User path 62 62 62

---------------------

Print path: 



[85 72] [85 73] [84 73] [84 74] [83 74] [83 75] [82 75] 
[82 76] [81 76] [81 77] [80 77] [80 78] [79 78] [79 79] 
[79 80] [78 80] [78 81] [77 81] [77 82] [77 83] [76 83] 
[76 83] 

		Begin Printing Seed information

Seed point: 85 72 	Path 0 20 	User path 0 42 0

Seed point: 76 83 	Path 21 46 	User path 42 95 42

Seed point: 73 105 	Path 47 47 	User path 111 111 111

---------------------

Print path: 



[85 72] [85 73] [84 73] [84 74] [83 74] [83 75] [82 75] 
[82 76] [81 76] [81 77] [80 77] [80 78] [79 78] [79 79] 
[79 80] [78 80] [78 81] [77 81] [77 82] [77 83] [76 83] 
[76 83] [76 84] [75 84] [75 85] [75 86] [75 87] [74 87] 
[74 88] [74 89] [74 90] [73 90] [73 91] [73 92] [73 93] 
[73 94] [73 95] [73 96] [73 97] [73 98] [73 99] [73 100] 
[73 101] [73 102] [73 103] [73 104] [73 105] [73 105] 

		Begin Printing Seed information

Seed point: 85 72 	Path 0 20 	User path 0 42 0

Seed point: 76 83 	Path 21 46 	User path 42 95 42

Seed point: 73 105 	Path 47 68 	User path 95 131 95

Seed point: 80 119 	Path 69 69 	User path 156 156 156

---------------------

Print path: 



[85 72] [85 73] [84 73] [84 74] [83 74] [83 75] [82 75] 
[82 76] [81 76] [81 77] [80 77] [80 78] [79 78] [79 79] 
[79 80] [78 80] [78 81] [77 81] [77 82] [77 83] [76 83] 
[76 83] [76 84] [75 84] [75 85] [75 86] [75 87] [74 87] 
[74 88] [74 89] [74 90] [73 90] [73 91] [73 92] [73 93] 
[73 94] [73 95] [73 96] [73 97] [73 98] [73 99] [73 100] 
[73 101] [73 102] [73 103] [73 104] [73 105] [73 105] [73 106] 
[73 107] [74 107] [74 108] [74 109] [74 110] [75 110] [75 111] 
[75 112] [76 112] [76 113] [76 114] [77 114] [77 115] [77 116] 
[78 116] [78 117] [79 117] [79 118] [80 118] [80 119] [80 119] 

		Begin Printing Seed information

Seed point: 85 72 	Path 0 20 	User path 0 42 0

Seed point: 76 83 	Path 21 46 	User path 42 95 42

Seed point: 73 105 	Path 47 68 	User path 95 131 95

Seed point: 80 119 	Path 69 89 	User path 131 191 131

Seed point: 93 127 	Path 90 90 	User path 209 209 209

---------------------

Print path: 



[85 72] [85 73] [84 73] [84 74] [83 74] [83 75] [82 75] 
[82 76] [81 76] [81 77] [80 77] [80 78] [79 78] [79 79] 
[79 80] [78 80] [78 81] [77 81] [77 82] [77 83] [76 83] 
[76 83] [76 84] [75 84] [75 85] [75 86] [75 87] [74 87] 
[74 88] [74 89] [74 90] [73 90] [73 91] [73 92] [73 93] 
[73 94] [73 95] [73 96] [73 97] [73 98] [73 99] [73 100] 
[73 101] [73 102] [73 103] [73 104] [73 105] [73 105] [73 106] 
[73 107] [74 107] [74 108] [74 109] [74 110] [75 110] [75 111] 
[75 112] [76 112] [76 113] [76 114] [77 114] [77 115] [77 116] 
[78 116] [78 117] [79 117] [79 118] [80 118] [80 119] [80 119] 
[81 119] [81 120] [82 120] [82 121] [82 122] [83 123] [84 123] 
[85 123] [85 124] [86 124] [87 124] [87 125] [88 125] [88 126] 
[89 126] [90 126] [90 127] [91 127] [92 127] [93 127] [93 127] 

		Begin Printing Seed information

Seed point: 85 72 	Path 0 20 	User path 0 42 0

Seed point: 76 83 	Path 21 46 	User path 42 95 42

Seed point: 73 105 	Path 47 68 	User path 95 131 95

Seed point: 80 119 	Path 69 89 	User path 131 191 131

Seed point: 93 127 	Path 90 110 	User path 191 247 191

Seed point: 110 128 	Path 111 111 	User path 267 267 267

---------------------

Print path: 



[85 72] [85 73] [84 73] [84 74] [83 74] [83 75] [82 75] 
[82 76] [81 76] [81 77] [80 77] [80 78] [79 78] [79 79] 
[79 80] [78 80] [78 81] [77 81] [77 82] [77 83] [76 83] 
[76 83] [76 84] [75 84] [75 85] [75 86] [75 87] [74 87] 
[74 88] [74 89] [74 90] [73 90] [73 91] [73 92] [73 93] 
[73 94] [73 95] [73 96] [73 97] [73 98] [73 99] [73 100] 
[73 101] [73 102] [73 103] [73 104] [73 105] [73 105] [73 106] 
[73 107] [74 107] [74 108] [74 109] [74 110] [75 110] [75 111] 
[75 112] [76 112] [76 113] [76 114] [77 114] [77 115] [77 116] 
[78 116] [78 117] [79 117] [79 118] [80 118] [80 119] [80 119] 
[81 119] [81 120] [82 120] [82 121] [82 122] [83 123] [84 123] 
[85 123] [85 124] [86 124] [87 124] [87 125] [88 125] [88 126] 
[89 126] [90 126] [90 127] [91 127] [92 127] [93 127] [93 127] 
[93 128] [94 128] [95 128] [96 128] [96 129] [97 129] [98 129] 
[99 129] [100 129] [101 129] [102 129] [103 129] [104 129] [105 129] 
[106 129] [107 129] [108 129] [109 129] [110 129] [110 128] [110 128] 

		Begin Printing Seed information

Seed point: 85 72 	Path 0 20 	User path 0 42 0

Seed point: 76 83 	Path 21 46 	User path 42 95 42

Seed point: 73 105 	Path 47 68 	User path 95 131 95

Seed point: 80 119 	Path 69 89 	User path 131 191 131

Seed point: 93 127 	Path 90 110 	User path 191 247 191

Seed point: 110 128 	Path 111 132 	User path 247 290 247

Seed point: 124 121 	Path 133 133 	User path 310 310 310

---------------------

Print path: 



[85 72] [85 73] [84 73] [84 74] [83 74] [83 75] [82 75] 
[82 76] [81 76] [81 77] [80 77] [80 78] [79 78] [79 79] 
[79 80] [78 80] [78 81] [77 81] [77 82] [77 83] [76 83] 
[76 83] [76 84] [75 84] [75 85] [75 86] [75 87] [74 87] 
[74 88] [74 89] [74 90] [73 90] [73 91] [73 92] [73 93] 
[73 94] [73 95] [73 96] [73 97] [73 98] [73 99] [73 100] 
[73 101] [73 102] [73 103] [73 104] [73 105] [73 105] [73 106] 
[73 107] [74 107] [74 108] [74 109] [74 110] [75 110] [75 111] 
[75 112] [76 112] [76 113] [76 114] [77 114] [77 115] [77 116] 
[78 116] [78 117] [79 117] [79 118] [80 118] [80 119] [80 119] 
[81 119] [81 120] [82 120] [82 121] [82 122] [83 123] [84 123] 
[85 123] [85 124] [86 124] [87 124] [87 125] [88 125] [88 126] 
[89 126] [90 126] [90 127] [91 127] [92 127] [93 127] [93 127] 
[93 128] [94 128] [95 128] [96 128] [96 129] [97 129] [98 129] 
[99 129] [100 129] [101 129] [102 129] [103 129] [104 129] [105 129] 
[106 129] [107 129] [108 129] [109 129] [110 129] [110 128] [110 128] 
[111 128] [112 128] [113 128] [114 128] [114 127] [115 127] [116 127] 
[116 126] [117 126] [118 126] [118 125] [119 125] [120 125] [120 124] 
[121 124] [121 123] [122 123] [123 123] [123 122] [124 122] [124 121] 
[124 121] 

		Begin Printing Seed information

Seed point: 85 72 	Path 0 20 	User path 0 42 0

Seed point: 76 83 	Path 21 46 	User path 42 95 42

Seed point: 73 105 	Path 47 68 	User path 95 131 95

Seed point: 80 119 	Path 69 89 	User path 131 191 131

Seed point: 93 127 	Path 90 110 	User path 191 247 191

Seed point: 110 128 	Path 111 132 	User path 247 290 247

Seed point: 124 121 	Path 133 153 	User path 290 331 290

Seed point: 132 109 	Path 154 154 	User path 346 346 346

---------------------

Print path: 



[85 72] [85 73] [84 73] [84 74] [83 74] [83 75] [82 75] 
[82 76] [81 76] [81 77] [80 77] [80 78] [79 78] [79 79] 
[79 80] [78 80] [78 81] [77 81] [77 82] [77 83] [76 83] 
[76 83] [76 84] [75 84] [75 85] [75 86] [75 87] [74 87] 
[74 88] [74 89] [74 90] [73 90] [73 91] [73 92] [73 93] 
[73 94] [73 95] [73 96] [73 97] [73 98] [73 99] [73 100] 
[73 101] [73 102] [73 103] [73 104] [73 105] [73 105] [73 106] 
[73 107] [74 107] [74 108] [74 109] [74 110] [75 110] [75 111] 
[75 112] [76 112] [76 113] [76 114] [77 114] [77 115] [77 116] 
[78 116] [78 117] [79 117] [79 118] [80 118] [80 119] [80 119] 
[81 119] [81 120] [82 120] [82 121] [82 122] [83 123] [84 123] 
[85 123] [85 124] [86 124] [87 124] [87 125] [88 125] [88 126] 
[89 126] [90 126] [90 127] [91 127] [92 127] [93 127] [93 127] 
[93 128] [94 128] [95 128] [96 128] [96 129] [97 129] [98 129] 
[99 129] [100 129] [101 129] [102 129] [103 129] [104 129] [105 129] 
[106 129] [107 129] [108 129] [109 129] [110 129] [110 128] [110 128] 
[111 128] [112 128] [113 128] [114 128] [114 127] [115 127] [116 127] 
[116 126] [117 126] [118 126] [118 125] [119 125] [120 125] [120 124] 
[121 124] [121 123] [122 123] [123 123] [123 122] [124 122] [124 121] 
[124 121] [125 121] [125 120] [126 120] [126 119] [127 119] [127 118] 
[128 118] [128 117] [128 116] [129 116] [129 115] [130 115] [130 114] 
[130 113] [131 113] [131 112] [131 111] [132 111] [132 110] [132 109] 
[132 109] 

		Begin Printing Seed information

Seed point: 85 72 	Path 0 20 	User path 0 42 0

Seed point: 76 83 	Path 21 46 	User path 42 95 42

Seed point: 73 105 	Path 47 68 	User path 95 131 95

Seed point: 80 119 	Path 69 89 	User path 131 191 131

Seed point: 93 127 	Path 90 110 	User path 191 247 191

Seed point: 110 128 	Path 111 132 	User path 247 290 247

Seed point: 124 121 	Path 133 153 	User path 290 331 290

Seed point: 132 109 	Path 154 175 	User path 331 372 331

Seed point: 133 91 	Path 176 176 	User path 392 392 392

---------------------

Print path: 



[85 72] [85 73] [84 73] [84 74] [83 74] [83 75] [82 75] 
[82 76] [81 76] [81 77] [80 77] [80 78] [79 78] [79 79] 
[79 80] [78 80] [78 81] [77 81] [77 82] [77 83] [76 83] 
[76 83] [76 84] [75 84] [75 85] [75 86] [75 87] [74 87] 
[74 88] [74 89] [74 90] [73 90] [73 91] [73 92] [73 93] 
[73 94] [73 95] [73 96] [73 97] [73 98] [73 99] [73 100] 
[73 101] [73 102] [73 103] [73 104] [73 105] [73 105] [73 106] 
[73 107] [74 107] [74 108] [74 109] [74 110] [75 110] [75 111] 
[75 112] [76 112] [76 113] [76 114] [77 114] [77 115] [77 116] 
[78 116] [78 117] [79 117] [79 118] [80 118] [80 119] [80 119] 
[81 119] [81 120] [82 120] [82 121] [82 122] [83 123] [84 123] 
[85 123] [85 124] [86 124] [87 124] [87 125] [88 125] [88 126] 
[89 126] [90 126] [90 127] [91 127] [92 127] [93 127] [93 127] 
[93 128] [94 128] [95 128] [96 128] [96 129] [97 129] [98 129] 
[99 129] [100 129] [101 129] [102 129] [103 129] [104 129] [105 129] 
[106 129] [107 129] [108 129] [109 129] [110 129] [110 128] [110 128] 
[111 128] [112 128] [113 128] [114 128] [114 127] [115 127] [116 127] 
[116 126] [117 126] [118 126] [118 125] [119 125] [120 125] [120 124] 
[121 124] [121 123] [122 123] [123 123] [123 122] [124 122] [124 121] 
[124 121] [125 121] [125 120] [126 120] [126 119] [127 119] [127 118] 
[128 118] [128 117] [128 116] [129 116] [129 115] [130 115] [130 114] 
[130 113] [131 113] [131 112] [131 111] [132 111] [132 110] [132 109] 
[132 109] [133 109] [133 108] [133 107] [133 106] [134 106] [134 105] 
[134 104] [134 103] [134 102] [134 101] [134 100] [134 99] [134 98] 
[134 97] [134 96] [134 95] [134 94] [134 93] [134 92] [134 91] 
[133 91] [133 91] 

		Begin Printing Seed information

Seed point: 85 72 	Path 0 20 	User path 0 42 0

Seed point: 76 83 	Path 21 46 	User path 42 95 42

Seed point: 73 105 	Path 47 68 	User path 95 131 95

Seed point: 80 119 	Path 69 89 	User path 131 191 131

Seed point: 93 127 	Path 90 110 	User path 191 247 191

Seed point: 110 128 	Path 111 132 	User path 247 290 247

Seed point: 124 121 	Path 133 153 	User path 290 331 290

Seed point: 132 109 	Path 154 175 	User path 331 372 331

Seed point: 133 91 	Path 176 196 	User path 372 412 372

Seed point: 127 77 	Path 197 197 	User path 430 430 430

---------------------

Print path: 



[85 72] [85 73] [84 73] [84 74] [83 74] [83 75] [82 75] 
[82 76] [81 76] [81 77] [80 77] [80 78] [79 78] [79 79] 
[79 80] [78 80] [78 81] [77 81] [77 82] [77 83] [76 83] 
[76 83] [76 84] [75 84] [75 85] [75 86] [75 87] [74 87] 
[74 88] [74 89] [74 90] [73 90] [73 91] [73 92] [73 93] 
[73 94] [73 95] [73 96] [73 97] [73 98] [73 99] [73 100] 
[73 101] [73 102] [73 103] [73 104] [73 105] [73 105] [73 106] 
[73 107] [74 107] [74 108] [74 109] [74 110] [75 110] [75 111] 
[75 112] [76 112] [76 113] [76 114] [77 114] [77 115] [77 116] 
[78 116] [78 117] [79 117] [79 118] [80 118] [80 119] [80 119] 
[81 119] [81 120] [82 120] [82 121] [82 122] [83 123] [84 123] 
[85 123] [85 124] [86 124] [87 124] [87 125] [88 125] [88 126] 
[89 126] [90 126] [90 127] [91 127] [92 127] [93 127] [93 127] 
[93 128] [94 128] [95 128] [96 128] [96 129] [97 129] [98 129] 
[99 129] [100 129] [101 129] [102 129] [103 129] [104 129] [105 129] 
[106 129] [107 129] [108 129] [109 129] [110 129] [110 128] [110 128] 
[111 128] [112 128] [113 128] [114 128] [114 127] [115 127] [116 127] 
[116 126] [117 126] [118 126] [118 125] [119 125] [120 125] [120 124] 
[121 124] [121 123] [122 123] [123 123] [123 122] [124 122] [124 121] 
[124 121] [125 121] [125 120] [126 120] [126 119] [127 119] [127 118] 
[128 118] [128 117] [128 116] [129 116] [129 115] [130 115] [130 114] 
[130 113] [131 113] [131 112] [131 111] [132 111] [132 110] [132 109] 
[132 109] [133 109] [133 108] [133 107] [133 106] [134 106] [134 105] 
[134 104] [134 103] [134 102] [134 101] [134 100] [134 99] [134 98] 
[134 97] [134 96] [134 95] [134 94] [134 93] [134 92] [134 91] 
[133 91] [133 91] [133 90] [133 89] [133 88] [133 87] [132 87] 
[132 86] [132 85] [131 85] [131 84] [131 83] [130 83] [130 82] 
[130 81] [129 81] [129 80] [128 80] [128 79] [127 79] [127 78] 
[127 77] [127 77] 

		Begin Printing Seed information

Seed point: 85 72 	Path 0 20 	User path 0 42 0

Seed point: 76 83 	Path 21 46 	User path 42 95 42

Seed point: 73 105 	Path 47 68 	User path 95 131 95

Seed point: 80 119 	Path 69 89 	User path 131 191 131

Seed point: 93 127 	Path 90 110 	User path 191 247 191

Seed point: 110 128 	Path 111 132 	User path 247 290 247

Seed point: 124 121 	Path 133 153 	User path 290 331 290

Seed point: 132 109 	Path 154 175 	User path 331 372 331

Seed point: 133 91 	Path 176 196 	User path 372 412 372

Seed point: 127 77 	Path 197 220 	User path 412 458 412

Seed point: 112 69 	Path 221 221 	User path 474 474 474

---------------------

Print path: 



[85 72] [85 73] [84 73] [84 74] [83 74] [83 75] [82 75] 
[82 76] [81 76] [81 77] [80 77] [80 78] [79 78] [79 79] 
[79 80] [78 80] [78 81] [77 81] [77 82] [77 83] [76 83] 
[76 83] [76 84] [75 84] [75 85] [75 86] [75 87] [74 87] 
[74 88] [74 89] [74 90] [73 90] [73 91] [73 92] [73 93] 
[73 94] [73 95] [73 96] [73 97] [73 98] [73 99] [73 100] 
[73 101] [73 102] [73 103] [73 104] [73 105] [73 105] [73 106] 
[73 107] [74 107] [74 108] [74 109] [74 110] [75 110] [75 111] 
[75 112] [76 112] [76 113] [76 114] [77 114] [77 115] [77 116] 
[78 116] [78 117] [79 117] [79 118] [80 118] [80 119] [80 119] 
[81 119] [81 120] [82 120] [82 121] [82 122] [83 123] [84 123] 
[85 123] [85 124] [86 124] [87 124] [87 125] [88 125] [88 126] 
[89 126] [90 126] [90 127] [91 127] [92 127] [93 127] [93 127] 
[93 128] [94 128] [95 128] [96 128] [96 129] [97 129] [98 129] 
[99 129] [100 129] [101 129] [102 129] [103 129] [104 129] [105 129] 
[106 129] [107 129] [108 129] [109 129] [110 129] [110 128] [110 128] 
[111 128] [112 128] [113 128] [114 128] [114 127] [115 127] [116 127] 
[116 126] [117 126] [118 126] [118 125] [119 125] [120 125] [120 124] 
[121 124] [121 123] [122 123] [123 123] [123 122] [124 122] [124 121] 
[124 121] [125 121] [125 120] [126 120] [126 119] [127 119] [127 118] 
[128 118] [128 117] [128 116] [129 116] [129 115] [130 115] [130 114] 
[130 113] [131 113] [131 112] [131 111] [132 111] [132 110] [132 109] 
[132 109] [133 109] [133 108] [133 107] [133 106] [134 106] [134 105] 
[134 104] [134 103] [134 102] [134 101] [134 100] [134 99] [134 98] 
[134 97] [134 96] [134 95] [134 94] [134 93] [134 92] [134 91] 
[133 91] [133 91] [133 90] [133 89] [133 88] [133 87] [132 87] 
[132 86] [132 85] [131 85] [131 84] [131 83] [130 83] [130 82] 
[130 81] [129 81] [129 80] [128 80] [128 79] [127 79] [127 78] 
[127 77] [127 77] [126 77] [125 77] [125 76] [125 75] [124 75] 
[123 75] [123 74] [122 74] [122 73] [121 73] [121 72] [120 72] 
[119 72] [119 71] [118 71] [117 71] [117 70] [116 70] [115 70] 
[115 69] [114 69] [113 69] [112 69] [112 69] 

		Begin Printing Seed information

Seed point: 85 72 	Path 0 20 	User path 0 42 0

Seed point: 76 83 	Path 21 46 	User path 42 95 42

Seed point: 73 105 	Path 47 68 	User path 95 131 95

Seed point: 80 119 	Path 69 89 	User path 131 191 131

Seed point: 93 127 	Path 90 110 	User path 191 247 191

Seed point: 110 128 	Path 111 132 	User path 247 290 247

Seed point: 124 121 	Path 133 153 	User path 290 331 290

Seed point: 132 109 	Path 154 175 	User path 331 372 331

Seed point: 133 91 	Path 176 196 	User path 372 412 372

Seed point: 127 77 	Path 197 220 	User path 412 458 412

Seed point: 112 69 	Path 221 241 	User path 458 500 458

Seed point: 95 68 	Path 242 242 	User path 520 520 520

---------------------

Print path: 



[85 72] [85 73] [84 73] [84 74] [83 74] [83 75] [82 75] 
[82 76] [81 76] [81 77] [80 77] [80 78] [79 78] [79 79] 
[79 80] [78 80] [78 81] [77 81] [77 82] [77 83] [76 83] 
[76 83] [76 84] [75 84] [75 85] [75 86] [75 87] [74 87] 
[74 88] [74 89] [74 90] [73 90] [73 91] [73 92] [73 93] 
[73 94] [73 95] [73 96] [73 97] [73 98] [73 99] [73 100] 
[73 101] [73 102] [73 103] [73 104] [73 105] [73 105] [73 106] 
[73 107] [74 107] [74 108] [74 109] [74 110] [75 110] [75 111] 
[75 112] [76 112] [76 113] [76 114] [77 114] [77 115] [77 116] 
[78 116] [78 117] [79 117] [79 118] [80 118] [80 119] [80 119] 
[81 119] [81 120] [82 120] [82 121] [82 122] [83 123] [84 123] 
[85 123] [85 124] [86 124] [87 124] [87 125] [88 125] [88 126] 
[89 126] [90 126] [90 127] [91 127] [92 127] [93 127] [93 127] 
[93 128] [94 128] [95 128] [96 128] [96 129] [97 129] [98 129] 
[99 129] [100 129] [101 129] [102 129] [103 129] [104 129] [105 129] 
[106 129] [107 129] [108 129] [109 129] [110 129] [110 128] [110 128] 
[111 128] [112 128] [113 128] [114 128] [114 127] [115 127] [116 127] 
[116 126] [117 126] [118 126] [118 125] [119 125] [120 125] [120 124] 
[121 124] [121 123] [122 123] [123 123] [123 122] [124 122] [124 121] 
[124 121] [125 121] [125 120] [126 120] [126 119] [127 119] [127 118] 
[128 118] [128 117] [128 116] [129 116] [129 115] [130 115] [130 114] 
[130 113] [131 113] [131 112] [131 111] [132 111] [132 110] [132 109] 
[132 109] [133 109] [133 108] [133 107] [133 106] [134 106] [134 105] 
[134 104] [134 103] [134 102] [134 101] [134 100] [134 99] [134 98] 
[134 97] [134 96] [134 95] [134 94] [134 93] [134 92] [134 91] 
[133 91] [133 91] [133 90] [133 89] [133 88] [133 87] [132 87] 
[132 86] [132 85] [131 85] [131 84] [131 83] [130 83] [130 82] 
[130 81] [129 81] [129 80] [128 80] [128 79] [127 79] [127 78] 
[127 77] [127 77] [126 77] [125 77] [125 76] [125 75] [124 75] 
[123 75] [123 74] [122 74] [122 73] [121 73] [121 72] [120 72] 
[119 72] [119 71] [118 71] [117 71] [117 70] [116 70] [115 70] 
[115 69] [114 69] [113 69] [112 69] [112 69] [112 68] [111 68] 
[110 68] [109 68] [108 68] [107 68] [107 67] [106 67] [105 67] 
[104 67] [103 67] [102 67] [101 67] [100 67] [99 67] [98 67] 
[98 68] [97 68] [96 68] [95 68] [95 68] 

User path


[85 72] [85 72] [84 72] [84 72] [83 73] [83 73] [82 73] 
[82 73] [81 73] [81 73] [81 73] [81 73] [80 73] [80 73] 
[80 73] [80 74] [80 74] [80 74] [80 74] [79 75] [79 75] 
[79 75] [79 76] [79 76] [79 76] [79 77] [78 77] [78 77] 
[77 77] [77 78] [77 78] [76 78] [76 78] [75 79] [75 80] 
[75 80] [75 80] [74 80] [74 81] [74 81] [74 81] [74 82] 
[76 83] [74 82] [74 82] [73 83] [73 84] [73 85] [73 85] 
[72 85] [72 86] [72 86] [72 87] [72 87] [72 88] [72 89] 
[72 89] [72 89] [72 90] [72 90] [72 91] [72 91] [72 92] 
[72 92] [72 92] [72 93] [72 93] [72 94] [72 94] [72 95] 
[72 95] [72 96] [72 96] [72 97] [72 98] [72 99] [72 99] 
[71 99] [71 100] [71 100] [71 100] [71 101] [71 101] [71 101] 
[71 102] [71 102] [71 102] [71 103] [71 103] [71 104] [71 105] 
[71 106] [71 106] [71 106] [72 106] [73 105] [72 107] [72 107] 
[72 107] [72 108] [72 108] [72 108] [72 109] [72 109] [73 110] 
[73 111] [73 111] [73 112] [73 112] [73 113] [74 113] [74 113] 
[74 113] [74 113] [74 114] [74 114] [74 115] [75 115] [75 116] 
[75 116] [75 116] [75 117] [75 117] [76 117] [76 118] [76 118] 
[76 118] [76 118] [76 119] [76 120] [77 120] [80 119] [77 120] 
[77 121] [77 121] [77 121] [78 122] [78 123] [78 124] [79 125] 
[79 125] [79 126] [79 126] [79 127] [79 127] [79 128] [80 129] 
[80 129] [80 129] [80 129] [81 129] [81 129] [81 129] [81 128] 
[82 128] [82 128] [82 128] [82 128] [82 128] [83 127] [83 127] 
[83 127] [83 127] [84 127] [84 127] [84 127] [85 127] [85 126] 
[85 126] [86 126] [86 126] [86 126] [86 126] [87 126] [87 126] 
[87 126] [88 126] [88 126] [89 126] [89 126] [90 126] [90 125] 
[91 125] [91 125] [91 125] [92 125] [92 125] [92 125] [93 125] 
[93 125] [93 126] [93 127] [93 126] [94 126] [94 126] [94 126] 
[95 126] [95 126] [95 126] [96 126] [96 126] [96 126] [97 126] 
[97 126] [97 126] [97 126] [97 127] [98 127] [98 127] [98 127] 
[98 127] [98 128] [98 128] [98 128] [99 128] [99 129] [99 129] 
[99 129] [99 129] [99 129] [100 129] [100 129] [100 129] [101 129] 
[101 129] [101 129] [102 129] [102 129] [102 129] [103 129] [103 129] 
[103 129] [104 129] [104 129] [105 129] [105 129] [106 128] [106 128] 
[106 128] [107 128] [107 128] [107 128] [108 128] [108 128] [109 127] 
[109 127] [110 127] [110 128] [110 127] [111 127] [111 127] [111 127] 
[112 127] [112 127] [112 127] [113 127] [113 127] [114 127] [114 126] 
[114 126] [115 126] [115 125] [115 125] [116 125] [116 124] [116 124] 
[116 124] [117 123] [117 123] [118 123] [118 122] [118 122] [118 122] 
[118 122] [119 122] [119 122] [119 122] [120 121] [120 121] [120 121] 
[121 121] [121 121] [121 120] [122 120] [122 120] [122 120] [123 120] 
[123 120] [123 120] [124 120] [124 121] [124 120] [124 120] [125 120] 
[125 120] [126 120] [126 120] [126 120] [126 119] [127 119] [127 119] 
[127 119] [127 118] [128 118] [128 118] [128 117] [128 117] [128 117] 
[128 117] [128 116] [128 116] [128 116] [128 115] [128 115] [129 114] 
[129 114] [129 113] [129 113] [129 113] [129 112] [129 112] [129 112] 
[129 111] [130 111] [130 110] [130 109] [130 109] [130 109] [130 109] 
[130 108] [131 108] [132 109] [131 108] [131 108] [131 107] [131 107] 
[132 106] [132 106] [132 106] [132 105] [132 105] [132 105] [133 105] 
[133 105] [133 104] [133 103] [133 103] [133 102] [133 102] [133 102] 
[133 101] [133 101] [133 100] [133 100] [133 99] [133 99] [133 99] 
[133 98] [133 98] [133 98] [133 97] [133 97] [133 96] [133 95] 
[133 95] [133 94] [133 94] [133 93] [133 92] [133 92] [133 92] 
[133 91] [133 91] [133 90] [133 90] [133 90] [133 89] [133 89] 
[133 88] [133 87] [133 86] [133 85] [133 85] [133 85] [133 84] 
[133 84] [133 83] [133 82] [133 81] [133 80] [132 80] [132 79] 
[132 79] [132 79] [132 78] [132 78] [131 77] [131 77] [131 77] 
[131 77] [131 77] [130 77] [130 76] [130 76] [130 76] [130 76] 
[129 76] [129 76] [129 76] [128 76] [128 76] [127 76] [127 77] 
[127 76] [127 76] [126 75] [126 75] [126 75] [125 75] [124 75] 
[124 75] [123 75] [122 75] [122 75] [122 74] [121 74] [121 74] 
[121 74] [121 74] [120 74] [120 73] [120 73] [119 73] [119 73] 
[119 73] [118 73] [118 72] [117 71] [117 71] [117 71] [117 71] 
[116 71] [116 71] [116 71] [115 71] [115 71] [115 71] [115 72] 
[114 72] [114 72] [114 72] [113 72] [113 72] [112 72] [112 72] 
[112 72] [111 72] [111 71] [112 69] [110 71] [110 71] [110 71] 
[110 71] [110 70] [110 70] [109 70] [108 69] [108 69] [108 69] 
[108 69] [107 69] [107 69] [106 69] [106 69] [106 69] [105 69] 
[105 69] [105 69] [104 69] [103 69] [103 69] [102 69] [102 69] 
[101 69] [101 69] [101 69] [100 69] [100 69] [100 69] [99 69] 
[99 69] [99 69] [98 69] [98 69] [97 69] [97 69] [97 69] 
[96 69] [96 69] [95 69] [95 68] [95 69] [95 69] [94 69] 
[94 69] [94 69] [93 69] [93 69] [93 69] [93 70] [92 70] 
[92 70] [92 70] [91 70] [91 70] [90 70] [90 70] [90 70] 
[89 70] [89 70] [88 71] [88 71] [87 71] [87 71] [87 71] 
[87 71] [86 71] [86 71] [85 71] [85 71] [85 71] [84 71] 
[84 71] [84 72] [84 72] [83 72] [83 72] [83 73] [82 73] 
[82 73] [82 73] [82 73] [81 73] [81 73] [81 73] [81 73] 
[81 73] [81 72] [81 72] [81 72] [81 72] [81 72] [82 72] 
[82 72] [82 73] [83 73] [83 73] [84 73] [84 73] [84 73] 
[85 73] [85 73] [85 73] [86 73] [86 73] [86 72] [85 72] 
[85 72] [85 72] 

		Begin Printing Seed information

Seed point: 85 72 	Path 0 20 	User path 0 42 0

Seed point: 76 83 	Path 21 46 	User path 42 95 42

Seed point: 73 105 	Path 47 68 	User path 95 131 95

Seed point: 80 119 	Path 69 89 	User path 131 191 131

Seed point: 93 127 	Path 90 110 	User path 191 247 191

Seed point: 110 128 	Path 111 132 	User path 247 290 247

Seed point: 124 121 	Path 133 153 	User path 290 331 290

Seed point: 132 109 	Path 154 175 	User path 331 372 331

Seed point: 133 91 	Path 176 196 	User path 372 412 372

Seed point: 127 77 	Path 197 220 	User path 412 458 412

Seed point: 112 69 	Path 221 241 	User path 458 500 458

Seed point: 95 68 	Path 242 256 	User path 500 569 500

Seed point: 85 72 	Path 257 257 	User path 569 569 569

---------------------

Print path: 



[85 72] [85 73] [84 73] [84 74] [83 74] [83 75] [82 75] 
[82 76] [81 76] [81 77] [80 77] [80 78] [79 78] [79 79] 
[79 80] [78 80] [78 81] [77 81] [77 82] [77 83] [76 83] 
[76 83] [76 84] [75 84] [75 85] [75 86] [75 87] [74 87] 
[74 88] [74 89] [74 90] [73 90] [73 91] [73 92] [73 93] 
[73 94] [73 95] [73 96] [73 97] [73 98] [73 99] [73 100] 
[73 101] [73 102] [73 103] [73 104] [73 105] [73 105] [73 106] 
[73 107] [74 107] [74 108] [74 109] [74 110] [75 110] [75 111] 
[75 112] [76 112] [76 113] [76 114] [77 114] [77 115] [77 116] 
[78 116] [78 117] [79 117] [79 118] [80 118] [80 119] [80 119] 
[81 119] [81 120] [82 120] [82 121] [82 122] [83 123] [84 123] 
[85 123] [85 124] [86 124] [87 124] [87 125] [88 125] [88 126] 
[89 126] [90 126] [90 127] [91 127] [92 127] [93 127] [93 127] 
[93 128] [94 128] [95 128] [96 128] [96 129] [97 129] [98 129] 
[99 129] [100 129] [101 129] [102 129] [103 129] [104 129] [105 129] 
[106 129] [107 129] [108 129] [109 129] [110 129] [110 128] [110 128] 
[111 128] [112 128] [113 128] [114 128] [114 127] [115 127] [116 127] 
[116 126] [117 126] [118 126] [118 125] [119 125] [120 125] [120 124] 
[121 124] [121 123] [122 123] [123 123] [123 122] [124 122] [124 121] 
[124 121] [125 121] [125 120] [126 120] [126 119] [127 119] [127 118] 
[128 118] [128 117] [128 116] [129 116] [129 115] [130 115] [130 114] 
[130 113] [131 113] [131 112] [131 111] [132 111] [132 110] [132 109] 
[132 109] [133 109] [133 108] [133 107] [133 106] [134 106] [134 105] 
[134 104] [134 103] [134 102] [134 101] [134 100] [134 99] [134 98] 
[134 97] [134 96] [134 95] [134 94] [134 93] [134 92] [134 91] 
[133 91] [133 91] [133 90] [133 89] [133 88] [133 87] [132 87] 
[132 86] [132 85] [131 85] [131 84] [131 83] [130 83] [130 82] 
[130 81] [129 81] [129 80] [128 80] [128 79] [127 79] [127 78] 
[127 77] [127 77] [126 77] [125 77] [125 76] [125 75] [124 75] 
[123 75] [123 74] [122 74] [122 73] [121 73] [121 72] [120 72] 
[119 72] [119 71] [118 71] [117 71] [117 70] [116 70] [115 70] 
[115 69] [114 69] [113 69] [112 69] [112 69] [112 68] [111 68] 
[110 68] [109 68] [108 68] [107 68] [107 67] [106 67] [105 67] 
[104 67] [103 67] [102 67] [101 67] [100 67] [99 67] [98 67] 
[98 68] [97 68] [96 68] [95 68] [95 68] [94 68] [94 69] 
[93 69] [92 69] [91 69] [91 70] [90 70] [89 70] [89 71] 
[88 71] [87 71] [87 72] [86 72] [85 72] [85 72] 

